[debug] [2025-06-23T06:57:33.406Z] ----------------------------------------------------------------------
[debug] [2025-06-23T06:57:33.408Z] Command:       C:\Program Files\nodejs\node.exe C:\Users\91629\AppData\Roaming\npm\node_modules\firebase-tools\lib\bin\firebase.js init
[debug] [2025-06-23T06:57:33.409Z] CLI Version:   14.8.0
[debug] [2025-06-23T06:57:33.409Z] Platform:      win32
[debug] [2025-06-23T06:57:33.409Z] Node Version:  v22.16.0
[debug] [2025-06-23T06:57:33.409Z] Time:          Mon Jun 23 2025 12:27:33 GMT+0530 (India Standard Time)
[debug] [2025-06-23T06:57:33.409Z] ----------------------------------------------------------------------
[debug] 
[debug] [2025-06-23T06:57:33.649Z] > command requires scopes: ["email","openid","https://www.googleapis.com/auth/cloudplatformprojects.readonly","https://www.googleapis.com/auth/firebase","https://www.googleapis.com/auth/cloud-platform"]
[debug] [2025-06-23T06:57:33.650Z] > authorizing via signed-in user (muskanagarwaljuly8@gmail.com)
[info] 
     ######## #### ########  ######## ########     ###     ######  ########
     ##        ##  ##     ## ##       ##     ##  ##   ##  ##       ##
     ######    ##  ########  ######   ########  #########  ######  ######
     ##        ##  ##    ##  ##       ##     ## ##     ##       ## ##
     ##       #### ##     ## ######## ########  ##     ##  ######  ########

You're about to initialize a Firebase project in this directory:

  D:\bookstore

Before we get started, keep in mind:

  * You are initializing within an existing Firebase project directory

[info] 
=== Project Setup
[info] 
[info] First, let's associate this project directory with a Firebase project.
[info] You can create multiple project aliases by running firebase use --add, 
[info] but for now we'll just set up a default project.
[info] 
[debug] [2025-06-23T06:59:02.777Z] Using project from CLI flag: bookstore-app-e726b
[debug] [2025-06-23T06:59:02.777Z] Checked if tokens are valid: true, expires at: 1750663111055
[debug] [2025-06-23T06:59:02.778Z] Checked if tokens are valid: true, expires at: 1750663111055
[debug] [2025-06-23T06:59:02.779Z] >>> [apiv2][query] GET https://firebase.googleapis.com/v1beta1/projects/bookstore-app-e726b [none]
[debug] [2025-06-23T06:59:03.626Z] <<< [apiv2][status] GET https://firebase.googleapis.com/v1beta1/projects/bookstore-app-e726b 200
[debug] [2025-06-23T06:59:03.626Z] <<< [apiv2][body] GET https://firebase.googleapis.com/v1beta1/projects/bookstore-app-e726b {"projectId":"bookstore-app-e726b","projectNumber":"64240226965","displayName":"bookstore-app","name":"projects/bookstore-app-e726b","resources":{"hostingSite":"bookstore-app-e726b"},"state":"ACTIVE","etag":"1_a98c5296-89bd-4b4b-a65a-ab50aa49b2c5"}
[info] i  Using project bookstore-app-e726b (bookstore-app) 
[info] 
=== Firestore Setup
[info] i  firestore: ensuring required API firestore.googleapis.com is enabled... 
[debug] [2025-06-23T06:59:03.630Z] Checked if tokens are valid: true, expires at: 1750663111055
[debug] [2025-06-23T06:59:03.631Z] Checked if tokens are valid: true, expires at: 1750663111055
[debug] [2025-06-23T06:59:03.631Z] >>> [apiv2][query] GET https://firestore.googleapis.com/v1/projects/bookstore-app-e726b/databases [none]
[debug] [2025-06-23T06:59:04.445Z] <<< [apiv2][status] GET https://firestore.googleapis.com/v1/projects/bookstore-app-e726b/databases 200
[debug] [2025-06-23T06:59:04.446Z] <<< [apiv2][body] GET https://firestore.googleapis.com/v1/projects/bookstore-app-e726b/databases {}
[debug] [2025-06-23T06:59:04.446Z] Checked if tokens are valid: true, expires at: 1750663111055
[debug] [2025-06-23T06:59:04.446Z] Checked if tokens are valid: true, expires at: 1750663111055
[debug] [2025-06-23T06:59:04.447Z] >>> [apiv2][query] GET https://firestore.googleapis.com/v1/projects/bookstore-app-e726b/locations [none]
[debug] [2025-06-23T06:59:04.625Z] <<< [apiv2][status] GET https://firestore.googleapis.com/v1/projects/bookstore-app-e726b/locations 200
[debug] [2025-06-23T06:59:04.625Z] <<< [apiv2][body] GET https://firestore.googleapis.com/v1/projects/bookstore-app-e726b/locations {"locations":[{"name":"projects/bookstore-app-e726b/locations/eur3","labels":{"appengine.googleapis.com/geo":"europe-west","cloud.googleapis.com/location":"eur3","cloud.googleapis.com/geo":"eur3"},"metadata":{"@type":"type.googleapis.com/google.firestore.admin.v1.LocationMetadata"},"locationId":"eur3","displayName":"Europe"},{"name":"projects/bookstore-app-e726b/locations/nam5","labels":{"appengine.googleapis.com/geo":"us-central","cloud.googleapis.com/location":"nam5","cloud.googleapis.com/geo":"nam5"},"metadata":{"@type":"type.googleapis.com/google.firestore.admin.v1.LocationMetadata"},"locationId":"nam5","displayName":"United States"},{"name":"projects/bookstore-app-e726b/locations/nam7","labels":{"cloud.googleapis.com/location":"nam7","cloud.googleapis.com/geo":"nam7"},"metadata":{"@type":"type.googleapis.com/google.firestore.admin.v1.LocationMetadata"},"locationId":"nam7","displayName":"United States"},{"name":"projects/bookstore-app-e726b/locations/africa-south1","labels":{"cloud.googleapis.com/location":"africa-south1","cloud.googleapis.com/region":"africa-south1"},"metadata":{"@type":"type.googleapis.com/google.firestore.admin.v1.LocationMetadata"},"locationId":"africa-south1","displayName":"Johannesburg"},{"name":"projects/bookstore-app-e726b/locations/asia-east1","labels":{"appengine.googleapis.com/region":"asia-east1","cloud.googleapis.com/location":"asia-east1","cloud.googleapis.com/region":"asia-east1"},"metadata":{"@type":"type.googleapis.com/google.firestore.admin.v1.LocationMetadata"},"locationId":"asia-east1","displayName":"Taiwan"},{"name":"projects/bookstore-app-e726b/locations/asia-east2","labels":{"appengine.googleapis.com/region":"asia-east2","cloud.googleapis.com/location":"asia-east2","cloud.googleapis.com/region":"asia-east2"},"metadata":{"@type":"type.googleapis.com/google.firestore.admin.v1.LocationMetadata"},"locationId":"asia-east2","displayName":"Hong Kong"},{"name":"projects/bookstore-app-e726b/locations/asia-northeast1","labels":{"appengine.googleapis.com/region":"asia-northeast1","cloud.googleapis.com/location":"asia-northeast1","cloud.googleapis.com/region":"asia-northeast1"},"metadata":{"@type":"type.googleapis.com/google.firestore.admin.v1.LocationMetadata"},"locationId":"asia-northeast1","displayName":"Tokyo"},{"name":"projects/bookstore-app-e726b/locations/asia-northeast2","labels":{"appengine.googleapis.com/region":"asia-northeast2","cloud.googleapis.com/location":"asia-northeast2","cloud.googleapis.com/region":"asia-northeast2"},"metadata":{"@type":"type.googleapis.com/google.firestore.admin.v1.LocationMetadata"},"locationId":"asia-northeast2","displayName":"Osaka"},{"name":"projects/bookstore-app-e726b/locations/asia-northeast3","labels":{"appengine.googleapis.com/region":"asia-northeast3","cloud.googleapis.com/location":"asia-northeast3","cloud.googleapis.com/region":"asia-northeast3"},"metadata":{"@type":"type.googleapis.com/google.firestore.admin.v1.LocationMetadata"},"locationId":"asia-northeast3","displayName":"Seoul"},{"name":"projects/bookstore-app-e726b/locations/asia-south1","labels":{"appengine.googleapis.com/region":"asia-south1","cloud.googleapis.com/location":"asia-south1","cloud.googleapis.com/region":"asia-south1"},"metadata":{"@type":"type.googleapis.com/google.firestore.admin.v1.LocationMetadata"},"locationId":"asia-south1","displayName":"Mumbai"},{"name":"projects/bookstore-app-e726b/locations/asia-south2","labels":{"cloud.googleapis.com/location":"asia-south2","cloud.googleapis.com/region":"asia-south2"},"metadata":{"@type":"type.googleapis.com/google.firestore.admin.v1.LocationMetadata"},"locationId":"asia-south2","displayName":"Delhi"},{"name":"projects/bookstore-app-e726b/locations/asia-southeast1","labels":{"appengine.googleapis.com/region":"asia-southeast1","cloud.googleapis.com/location":"asia-southeast1","cloud.googleapis.com/region":"asia-southeast1"},"metadata":{"@type":"type.googleapis.com/google.firestore.admin.v1.LocationMetadata"},"locationId":"asia-southeast1","displayName":"Singapore"},{"name":"projects/bookstore-app-e726b/locations/asia-southeast2","labels":{"appengine.googleapis.com/region":"asia-southeast2","cloud.googleapis.com/location":"asia-southeast2","cloud.googleapis.com/region":"asia-southeast2"},"metadata":{"@type":"type.googleapis.com/google.firestore.admin.v1.LocationMetadata"},"locationId":"asia-southeast2","displayName":"Jakarta"},{"name":"projects/bookstore-app-e726b/locations/australia-southeast1","labels":{"appengine.googleapis.com/region":"australia-southeast1","cloud.googleapis.com/location":"australia-southeast1","cloud.googleapis.com/region":"australia-southeast1"},"metadata":{"@type":"type.googleapis.com/google.firestore.admin.v1.LocationMetadata"},"locationId":"australia-southeast1","displayName":"Sydney"},{"name":"projects/bookstore-app-e726b/locations/australia-southeast2","labels":{"cloud.googleapis.com/location":"australia-southeast2","cloud.googleapis.com/region":"australia-southeast2"},"metadata":{"@type":"type.googleapis.com/google.firestore.admin.v1.LocationMetadata"},"locationId":"australia-southeast2","displayName":"Melbourne"},{"name":"projects/bookstore-app-e726b/locations/europe-central2","labels":{"appengine.googleapis.com/region":"europe-central2","cloud.googleapis.com/location":"europe-central2","cloud.googleapis.com/region":"europe-central2"},"metadata":{"@type":"type.googleapis.com/google.firestore.admin.v1.LocationMetadata"},"locationId":"europe-central2","displayName":"Warsaw"},{"name":"projects/bookstore-app-e726b/locations/europe-north1","labels":{"cloud.googleapis.com/location":"europe-north1","cloud.googleapis.com/region":"europe-north1"},"metadata":{"@type":"type.googleapis.com/google.firestore.admin.v1.LocationMetadata"},"locationId":"europe-north1","displayName":"Finland"},{"name":"projects/bookstore-app-e726b/locations/europe-north2","labels":{"cloud.googleapis.com/location":"europe-north2","cloud.googleapis.com/region":"europe-north2"},"metadata":{"@type":"type.googleapis.com/google.firestore.admin.v1.LocationMetadata"},"locationId":"europe-north2","displayName":"Stockholm"},{"name":"projects/bookstore-app-e726b/locations/europe-southwest1","labels":{"cloud.googleapis.com/location":"europe-southwest1","cloud.googleapis.com/region":"europe-southwest1"},"metadata":{"@type":"type.googleapis.com/google.firestore.admin.v1.LocationMetadata"},"locationId":"europe-southwest1","displayName":"Madrid"},{"name":"projects/bookstore-app-e726b/locations/europe-west1","labels":{"cloud.googleapis.com/location":"europe-west1","cloud.googleapis.com/region":"europe-west1"},"metadata":{"@type":"type.googleapis.com/google.firestore.admin.v1.LocationMetadata"},"locationId":"europe-west1","displayName":"Belgium"},{"name":"projects/bookstore-app-e726b/locations/europe-west10","labels":{"cloud.googleapis.com/location":"europe-west10","cloud.googleapis.com/region":"europe-west10"},"metadata":{"@type":"type.googleapis.com/google.firestore.admin.v1.LocationMetadata"},"locationId":"europe-west10","displayName":"Berlin"},{"name":"projects/bookstore-app-e726b/locations/europe-west12","labels":{"cloud.googleapis.com/location":"europe-west12","cloud.googleapis.com/region":"europe-west12"},"metadata":{"@type":"type.googleapis.com/google.firestore.admin.v1.LocationMetadata"},"locationId":"europe-west12","displayName":"Turin"},{"name":"projects/bookstore-app-e726b/locations/europe-west2","labels":{"appengine.googleapis.com/region":"europe-west2","cloud.googleapis.com/location":"europe-west2","cloud.googleapis.com/region":"europe-west2"},"metadata":{"@type":"type.googleapis.com/google.firestore.admin.v1.LocationMetadata"},"locationId":"europe-west2","displayName":"London"},{"name":"projects/bookstore-app-e726b/locations/europe-west3","labels":{"appengine.googleapis.com/region":"europe-west3","cloud.googleapis.com/location":"europe-west3","cloud.googleapis.com/region":"europe-west3"},"metadata":{"@type":"type.googleapis.com/google.firestore.admin.v1.LocationMetadata"},"locationId":"europe-west3","displayName":"Frankfurt"},{"name":"projects/bookstore-app-e726b/locations/europe-west4","labels":{"cloud.googleapis.com/location":"europe-west4","cloud.googleapis.com/region":"europe-west4"},"metadata":{"@type":"type.googleapis.com/google.firestore.admin.v1.LocationMetadata"},"locationId":"europe-west4","displayName":"Netherlands"},{"name":"projects/bookstore-app-e726b/locations/europe-west6","labels":{"appengine.googleapis.com/region":"europe-west6","cloud.googleapis.com/location":"europe-west6","cloud.googleapis.com/region":"europe-west6"},"metadata":{"@type":"type.googleapis.com/google.firestore.admin.v1.LocationMetadata"},"locationId":"europe-west6","displayName":"Zurich"},{"name":"projects/bookstore-app-e726b/locations/europe-west8","labels":{"cloud.googleapis.com/location":"europe-west8","cloud.googleapis.com/region":"europe-west8"},"metadata":{"@type":"type.googleapis.com/google.firestore.admin.v1.LocationMetadata"},"locationId":"europe-west8","displayName":"Milan"},{"name":"projects/bookstore-app-e726b/locations/europe-west9","labels":{"cloud.googleapis.com/location":"europe-west9","cloud.googleapis.com/region":"europe-west9"},"metadata":{"@type":"type.googleapis.com/google.firestore.admin.v1.LocationMetadata"},"locationId":"europe-west9","displayName":"Paris"},{"name":"projects/bookstore-app-e726b/locations/me-central1","labels":{"cloud.googleapis.com/location":"me-central1","cloud.googleapis.com/region":"me-central1"},"metadata":{"@type":"type.googleapis.com/google.firestore.admin.v1.LocationMetadata"},"locationId":"me-central1","displayName":"Doha"},{"name":"projects/bookstore-app-e726b/locations/me-central2","labels":{"cloud.googleapis.com/location":"me-central2","cloud.googleapis.com/region":"me-central2"},"metadata":{"@type":"type.googleapis.com/google.firestore.admin.v1.LocationMetadata"},"locationId":"me-central2","displayName":"Dammam"},{"name":"projects/bookstore-app-e726b/locations/me-west1","labels":{"cloud.googleapis.com/location":"me-west1","cloud.googleapis.com/region":"me-west1"},"metadata":{"@type":"type.googleapis.com/google.firestore.admin.v1.LocationMetadata"},"locationId":"me-west1","displayName":"Tel Aviv"},{"name":"projects/bookstore-app-e726b/locations/northamerica-northeast1","labels":{"appengine.googleapis.com/region":"northamerica-northeast1","cloud.googleapis.com/location":"northamerica-northeast1","cloud.googleapis.com/region":"northamerica-northeast1"},"metadata":{"@type":"type.googleapis.com/google.firestore.admin.v1.LocationMetadata"},"locationId":"northamerica-northeast1","displayName":"Montréal"},{"name":"projects/bookstore-app-e726b/locations/northamerica-northeast2","labels":{"cloud.googleapis.com/location":"northamerica-northeast2","cloud.googleapis.com/region":"northamerica-northeast2"},"metadata":{"@type":"type.googleapis.com/google.firestore.admin.v1.LocationMetadata"},"locationId":"northamerica-northeast2","displayName":"Toronto"},{"name":"projects/bookstore-app-e726b/locations/northamerica-south1","labels":{"cloud.googleapis.com/location":"northamerica-south1","cloud.googleapis.com/region":"northamerica-south1"},"metadata":{"@type":"type.googleapis.com/google.firestore.admin.v1.LocationMetadata"},"locationId":"northamerica-south1","displayName":"Mexico"},{"name":"projects/bookstore-app-e726b/locations/southamerica-east1","labels":{"appengine.googleapis.com/region":"southamerica-east1","cloud.googleapis.com/location":"southamerica-east1","cloud.googleapis.com/region":"southamerica-east1"},"metadata":{"@type":"type.googleapis.com/google.firestore.admin.v1.LocationMetadata"},"locationId":"southamerica-east1","displayName":"São Paulo"},{"name":"projects/bookstore-app-e726b/locations/southamerica-west1","labels":{"cloud.googleapis.com/location":"southamerica-west1","cloud.googleapis.com/region":"southamerica-west1"},"metadata":{"@type":"type.googleapis.com/google.firestore.admin.v1.LocationMetadata"},"locationId":"southamerica-west1","displayName":"Santiago"},{"name":"projects/bookstore-app-e726b/locations/us-central1","labels":{"cloud.googleapis.com/location":"us-central1","cloud.googleapis.com/region":"us-central1"},"metadata":{"@type":"type.googleapis.com/google.firestore.admin.v1.LocationMetadata"},"locationId":"us-central1","displayName":"Iowa"},{"name":"projects/bookstore-app-e726b/locations/us-east1","labels":{"appengine.googleapis.com/region":"us-east1","cloud.googleapis.com/location":"us-east1","cloud.googleapis.com/region":"us-east1"},"metadata":{"@type":"type.googleapis.com/google.firestore.admin.v1.LocationMetadata"},"locationId":"us-east1","displayName":"South Carolina"},{"name":"projects/bookstore-app-e726b/locations/us-east4","labels":{"appengine.googleapis.com/region":"us-east4","cloud.googleapis.com/location":"us-east4","cloud.googleapis.com/region":"us-east4"},"metadata":{"@type":"type.googleapis.com/google.firestore.admin.v1.LocationMetadata"},"locationId":"us-east4","displayName":"Northern Virginia"},{"name":"projects/bookstore-app-e726b/locations/us-east5","labels":{"cloud.googleapis.com/location":"us-east5","cloud.googleapis.com/region":"us-east5"},"metadata":{"@type":"type.googleapis.com/google.firestore.admin.v1.LocationMetadata"},"locationId":"us-east5","displayName":"Columbus"},{"name":"projects/bookstore-app-e726b/locations/us-south1","labels":{"cloud.googleapis.com/location":"us-south1","cloud.googleapis.com/region":"us-south1"},"metadata":{"@type":"type.googleapis.com/google.firestore.admin.v1.LocationMetadata"},"locationId":"us-south1","displayName":"Dallas"},{"name":"projects/bookstore-app-e726b/locations/us-west1","labels":{"appengine.googleapis.com/region":"us-west1","cloud.googleapis.com/location":"us-west1","cloud.googleapis.com/region":"us-west1"},"metadata":{"@type":"type.googleapis.com/google.firestore.admin.v1.LocationMetadata"},"locationId":"us-west1","displayName":"Oregon"},{"name":"projects/bookstore-app-e726b/locations/us-west2","labels":{"appengine.googleapis.com/region":"us-west2","cloud.googleapis.com/location":"us-west2","cloud.googleapis.com/region":"us-west2"},"metadata":{"@type":"type.googleapis.com/google.firestore.admin.v1.LocationMetadata"},"locationId":"us-west2","displayName":"Los Angeles"},{"name":"projects/bookstore-app-e726b/locations/us-west3","labels":{"appengine.googleapis.com/region":"us-west3","cloud.googleapis.com/location":"us-west3","cloud.googleapis.com/region":"us-west3"},"metadata":{"@type":"type.googleapis.com/google.firestore.admin.v1.LocationMetadata"},"locationId":"us-west3","displayName":"Salt Lake City"},{"name":"projects/bookstore-app-e726b/locations/us-west4","labels":{"appengine.googleapis.com/region":"us-west4","cloud.googleapis.com/location":"us-west4","cloud.googleapis.com/region":"us-west4"},"metadata":{"@type":"type.googleapis.com/google.firestore.admin.v1.LocationMetadata"},"locationId":"us-west4","displayName":"Las Vegas"},{"name":"projects/bookstore-app-e726b/locations/us-west8","labels":{"cloud.googleapis.com/location":"us-west8","cloud.googleapis.com/region":"us-west8"},"metadata":{"@type":"type.googleapis.com/google.firestore.admin.v1.LocationMetadata"},"locationId":"us-west8","displayName":"Phoenix"}]}
[info] 
[info] Firestore Security Rules allow you to define how and when to allow
[info] requests. You can keep these rules in your project directory
[info] and publish them with firebase deploy.
[info] 
[debug] [2025-06-23T06:59:19.126Z] Checked if tokens are valid: true, expires at: 1750663111055
[debug] [2025-06-23T06:59:19.126Z] Checked if tokens are valid: true, expires at: 1750663111055
[debug] [2025-06-23T06:59:19.126Z] >>> [apiv2][query] GET https://firebaserules.googleapis.com/v1/projects/bookstore-app-e726b/releases pageSize=10&pageToken=
[debug] [2025-06-23T06:59:21.236Z] <<< [apiv2][status] GET https://firebaserules.googleapis.com/v1/projects/bookstore-app-e726b/releases 200
[debug] [2025-06-23T06:59:21.237Z] <<< [apiv2][body] GET https://firebaserules.googleapis.com/v1/projects/bookstore-app-e726b/releases {}
[info] i  firestore.rules is unchanged 
[info] 
[info] Firestore indexes allow you to perform complex queries while
[info] maintaining performance that scales with the size of the result
[info] set. You can keep index definitions in your project directory
[info] and publish them with firebase deploy.
[info] 
[debug] [2025-06-23T06:59:21.240Z] Checked if tokens are valid: true, expires at: 1750663111055
[debug] [2025-06-23T06:59:21.241Z] Checked if tokens are valid: true, expires at: 1750663111055
[debug] [2025-06-23T06:59:21.241Z] Checked if tokens are valid: true, expires at: 1750663111055
[debug] [2025-06-23T06:59:21.241Z] Checked if tokens are valid: true, expires at: 1750663111055
[debug] [2025-06-23T06:59:21.241Z] >>> [apiv2][query] GET https://firestore.googleapis.com/v1/projects/bookstore-app-e726b/databases/(default)/collectionGroups/-/indexes [none]
[debug] [2025-06-23T06:59:21.243Z] >>> [apiv2][query] GET https://firestore.googleapis.com/v1/projects/bookstore-app-e726b/databases/(default)/collectionGroups/-/fields?filter=indexConfig.usesAncestorConfig=false OR ttlConfig:* [none]
[debug] [2025-06-23T06:59:21.524Z] <<< [apiv2][status] GET https://firestore.googleapis.com/v1/projects/bookstore-app-e726b/databases/(default)/collectionGroups/-/fields?filter=indexConfig.usesAncestorConfig=false OR ttlConfig:* 404
[debug] [2025-06-23T06:59:21.524Z] <<< [apiv2][body] GET https://firestore.googleapis.com/v1/projects/bookstore-app-e726b/databases/(default)/collectionGroups/-/fields?filter=indexConfig.usesAncestorConfig=false OR ttlConfig:* {"error":{"code":404,"message":"Project 'bookstore-app-e726b' or database '(default)' does not exist.","status":"NOT_FOUND"}}
[info] i  firestore.indexes.json is unchanged 
[info] +  Wrote firestore.indexes.json 
[info] 
=== Functions Setup
[debug] [2025-06-23T06:59:21.539Z] > command requires scopes: ["email","openid","https://www.googleapis.com/auth/cloudplatformprojects.readonly","https://www.googleapis.com/auth/firebase","https://www.googleapis.com/auth/cloud-platform"]
[debug] [2025-06-23T06:59:21.539Z] > authorizing via signed-in user (muskanagarwaljuly8@gmail.com)
[debug] [2025-06-23T06:59:21.539Z] [iam] checking project bookstore-app-e726b for permissions ["firebase.projects.get"]
[debug] [2025-06-23T06:59:21.539Z] Checked if tokens are valid: true, expires at: 1750663111055
[debug] [2025-06-23T06:59:21.539Z] Checked if tokens are valid: true, expires at: 1750663111055
[debug] [2025-06-23T06:59:21.540Z] >>> [apiv2][query] POST https://cloudresourcemanager.googleapis.com/v1/projects/bookstore-app-e726b:testIamPermissions [none]
[debug] [2025-06-23T06:59:21.540Z] >>> [apiv2][(partial)header] POST https://cloudresourcemanager.googleapis.com/v1/projects/bookstore-app-e726b:testIamPermissions x-goog-quota-user=projects/bookstore-app-e726b
[debug] [2025-06-23T06:59:21.540Z] >>> [apiv2][body] POST https://cloudresourcemanager.googleapis.com/v1/projects/bookstore-app-e726b:testIamPermissions {"permissions":["firebase.projects.get"]}
[debug] [2025-06-23T06:59:21.542Z] <<< [apiv2][status] GET https://firestore.googleapis.com/v1/projects/bookstore-app-e726b/databases/(default)/collectionGroups/-/indexes 404
[debug] [2025-06-23T06:59:21.543Z] <<< [apiv2][body] GET https://firestore.googleapis.com/v1/projects/bookstore-app-e726b/databases/(default)/collectionGroups/-/indexes {"error":{"code":404,"message":"Project 'bookstore-app-e726b' or database '(default)' does not exist.","status":"NOT_FOUND"}}
[debug] [2025-06-23T06:59:23.203Z] <<< [apiv2][status] POST https://cloudresourcemanager.googleapis.com/v1/projects/bookstore-app-e726b:testIamPermissions 200
[debug] [2025-06-23T06:59:23.204Z] <<< [apiv2][body] POST https://cloudresourcemanager.googleapis.com/v1/projects/bookstore-app-e726b:testIamPermissions {"permissions":["firebase.projects.get"]}
[info] 
Detected existing codebase(s): default

